<?xml version="1.0" encoding="UTF-8"?>
<coverage generated="1720112462903" clover="3.2.0">
  <project timestamp="1720112462903" name="All files">
    <metrics statements="55" coveredstatements="41" conditionals="24" coveredconditionals="15" methods="12" coveredmethods="9" elements="91" coveredelements="65" complexity="0" loc="55" ncloc="55" packages="1" files="2" classes="2"/>
    <file name="accepts.ts" path="C:/Developing/capro-web-images/src/accepts.ts">
      <metrics statements="14" coveredstatements="9" conditionals="2" coveredconditionals="1" methods="4" coveredmethods="2"/>
      <line num="13" count="1" type="stmt"/>
      <line num="15" count="3" type="stmt"/>
      <line num="16" count="3" type="stmt"/>
      <line num="17" count="3" type="stmt"/>
      <line num="18" count="3" type="stmt"/>
      <line num="19" count="3" type="stmt"/>
      <line num="20" count="3" type="stmt"/>
      <line num="22" count="3" type="stmt"/>
      <line num="24" count="0" type="stmt"/>
      <line num="25" count="0" type="stmt"/>
      <line num="26" count="0" type="stmt"/>
      <line num="27" count="0" type="stmt"/>
      <line num="28" count="0" type="stmt"/>
      <line num="33" count="3" type="stmt"/>
    </file>
    <file name="index.ts" path="C:/Developing/capro-web-images/src/index.ts">
      <metrics statements="41" coveredstatements="32" conditionals="22" coveredconditionals="14" methods="8" coveredmethods="7"/>
      <line num="6" count="1" type="stmt"/>
      <line num="8" count="1" type="stmt"/>
      <line num="9" count="3" type="stmt"/>
      <line num="16" count="1" type="stmt"/>
      <line num="18" count="1" type="cond" truecount="1" falsecount="1"/>
      <line num="26" count="1" type="stmt"/>
      <line num="29" count="1" type="stmt"/>
      <line num="31" count="1" type="stmt"/>
      <line num="32" count="3" type="stmt"/>
      <line num="33" count="3" type="stmt"/>
      <line num="34" count="3" type="stmt"/>
      <line num="35" count="3" type="cond" truecount="2" falsecount="0"/>
      <line num="36" count="0" type="stmt"/>
      <line num="40" count="3" type="cond" truecount="2" falsecount="0"/>
      <line num="41" count="1" type="stmt"/>
      <line num="45" count="2" type="stmt"/>
      <line num="46" count="2" type="stmt"/>
      <line num="49" count="2" type="cond" truecount="4" falsecount="0"/>
      <line num="50" count="1" type="stmt"/>
      <line num="52" count="3" type="stmt"/>
      <line num="58" count="1" type="stmt"/>
      <line num="59" count="1" type="stmt"/>
      <line num="60" count="1" type="stmt"/>
      <line num="61" count="1" type="cond" truecount="1" falsecount="1"/>
      <line num="62" count="0" type="cond" truecount="0" falsecount="2"/>
      <line num="63" count="0" type="cond" truecount="0" falsecount="2"/>
      <line num="64" count="0" type="stmt"/>
      <line num="72" count="0" type="stmt"/>
      <line num="74" count="0" type="stmt"/>
      <line num="77" count="1" type="stmt"/>
      <line num="79" count="1" type="cond" truecount="3" falsecount="1"/>
      <line num="80" count="0" type="stmt"/>
      <line num="83" count="1" type="stmt"/>
      <line num="85" count="1" type="cond" truecount="1" falsecount="1"/>
      <line num="86" count="0" type="stmt"/>
      <line num="93" count="1" type="stmt"/>
      <line num="101" count="1" type="stmt"/>
      <line num="103" count="1" type="stmt"/>
      <line num="105" count="0" type="stmt"/>
      <line num="109" count="1" type="stmt"/>
      <line num="110" count="3" type="stmt"/>
    </file>
  </project>
</coverage>
