{
  "C:/Developing/capro-web-images/src/accepts.ts": {
    "path": "C:/Developing/capro-web-images/src/accepts.ts",
    "statementMap": {
      "0": {
        "start": { "line": 13, "column": 27 },
        "end": { "line": 39, "column": null }
      },
      "1": {
        "start": { "line": 15, "column": 18 },
        "end": { "line": 15, "column": null }
      },
      "2": {
        "start": { "line": 16, "column": 2 },
        "end": { "line": 38, "column": null }
      },
      "3": {
        "start": { "line": 17, "column": 18 },
        "end": { "line": 17, "column": null }
      },
      "4": {
        "start": { "line": 18, "column": 17 },
        "end": { "line": 18, "column": null }
      },
      "5": {
        "start": { "line": 19, "column": 19 },
        "end": { "line": 19, "column": null }
      },
      "6": {
        "start": { "line": 20, "column": 14 },
        "end": { "line": 20, "column": null }
      },
      "7": {
        "start": { "line": 20, "column": 37 },
        "end": { "line": 20, "column": 59 }
      },
      "8": {
        "start": { "line": 22, "column": 25 },
        "end": { "line": 31, "column": null }
      },
      "9": {
        "start": { "line": 24, "column": 25 },
        "end": { "line": 24, "column": null }
      },
      "10": {
        "start": { "line": 25, "column": 20 },
        "end": { "line": 25, "column": null }
      },
      "11": {
        "start": { "line": 26, "column": 22 },
        "end": { "line": 26, "column": null }
      },
      "12": {
        "start": { "line": 27, "column": 8 },
        "end": { "line": 27, "column": null }
      },
      "13": {
        "start": { "line": 28, "column": 8 },
        "end": { "line": 28, "column": null }
      },
      "14": {
        "start": { "line": 33, "column": 4 },
        "end": { "line": 37, "column": null }
      }
    },
    "fnMap": {
      "0": {
        "name": "(anonymous_0)",
        "decl": {
          "start": { "line": 13, "column": 27 },
          "end": { "line": 13, "column": 28 }
        },
        "loc": {
          "start": { "line": 13, "column": 63 },
          "end": { "line": 39, "column": null }
        }
      },
      "1": {
        "name": "(anonymous_1)",
        "decl": {
          "start": { "line": 16, "column": 21 },
          "end": { "line": 16, "column": 22 }
        },
        "loc": {
          "start": { "line": 16, "column": 33 },
          "end": { "line": 38, "column": 3 }
        }
      },
      "2": {
        "name": "(anonymous_2)",
        "decl": {
          "start": { "line": 20, "column": 26 },
          "end": { "line": 20, "column": 27 }
        },
        "loc": {
          "start": { "line": 20, "column": 37 },
          "end": { "line": 20, "column": 59 }
        }
      },
      "3": {
        "name": "(anonymous_3)",
        "decl": {
          "start": { "line": 23, "column": 6 },
          "end": { "line": 23, "column": 7 }
        },
        "loc": {
          "start": { "line": 23, "column": 22 },
          "end": { "line": 29, "column": null }
        }
      }
    },
    "branchMap": {
      "0": {
        "loc": {
          "start": { "line": 36, "column": 9 },
          "end": { "line": 36, "column": null }
        },
        "type": "cond-expr",
        "locations": [
          {
            "start": { "line": 36, "column": 13 },
            "end": { "line": 36, "column": 43 }
          },
          {
            "start": { "line": 36, "column": 43 },
            "end": { "line": 36, "column": null }
          }
        ]
      }
    },
    "s": {
      "0": 1,
      "1": 3,
      "2": 3,
      "3": 3,
      "4": 3,
      "5": 3,
      "6": 3,
      "7": 0,
      "8": 3,
      "9": 0,
      "10": 0,
      "11": 0,
      "12": 0,
      "13": 0,
      "14": 3
    },
    "f": { "0": 3, "1": 3, "2": 0, "3": 0 },
    "b": { "0": [0, 3] }
  },
  "C:/Developing/capro-web-images/src/index.ts": {
    "path": "C:/Developing/capro-web-images/src/index.ts",
    "statementMap": {
      "0": {
        "start": { "line": 6, "column": 23 },
        "end": { "line": 6, "column": null }
      },
      "1": {
        "start": { "line": 8, "column": 24 },
        "end": { "line": 10, "column": null }
      },
      "2": {
        "start": { "line": 9, "column": 2 },
        "end": { "line": 9, "column": null }
      },
      "3": {
        "start": { "line": 16, "column": 2 },
        "end": { "line": 19, "column": null }
      },
      "4": {
        "start": { "line": 18, "column": 6 },
        "end": { "line": 18, "column": null }
      },
      "5": {
        "start": { "line": 26, "column": 12 },
        "end": { "line": 26, "column": null }
      },
      "6": {
        "start": { "line": 29, "column": 0 },
        "end": { "line": 29, "column": null }
      },
      "7": {
        "start": { "line": 31, "column": 0 },
        "end": { "line": 107, "column": null }
      },
      "8": {
        "start": { "line": 32, "column": 2 },
        "end": { "line": 106, "column": null }
      },
      "9": {
        "start": { "line": 33, "column": 16 },
        "end": { "line": 33, "column": null }
      },
      "10": {
        "start": { "line": 34, "column": 16 },
        "end": { "line": 34, "column": null }
      },
      "11": {
        "start": { "line": 35, "column": 28 },
        "end": { "line": 37, "column": null }
      },
      "12": {
        "start": { "line": 36, "column": 16 },
        "end": { "line": 36, "column": null }
      },
      "13": {
        "start": { "line": 40, "column": 4 },
        "end": { "line": 42, "column": null }
      },
      "14": {
        "start": { "line": 41, "column": 6 },
        "end": { "line": 41, "column": null }
      },
      "15": {
        "start": { "line": 45, "column": 24 },
        "end": { "line": 47, "column": null }
      },
      "16": {
        "start": { "line": 46, "column": 6 },
        "end": { "line": 46, "column": null }
      },
      "17": {
        "start": { "line": 49, "column": 4 },
        "end": { "line": 56, "column": null }
      },
      "18": {
        "start": { "line": 50, "column": 6 },
        "end": { "line": 55, "column": null }
      },
      "19": {
        "start": { "line": 52, "column": 153 },
        "end": { "line": 52, "column": 167 }
      },
      "20": {
        "start": { "line": 58, "column": 18 },
        "end": { "line": 58, "column": null }
      },
      "21": {
        "start": { "line": 59, "column": 21 },
        "end": { "line": 59, "column": null }
      },
      "22": {
        "start": { "line": 60, "column": 27 },
        "end": { "line": 60, "column": null }
      },
      "23": {
        "start": { "line": 61, "column": 4 },
        "end": { "line": 75, "column": null }
      },
      "24": {
        "start": { "line": 62, "column": 26 },
        "end": { "line": 62, "column": null }
      },
      "25": {
        "start": { "line": 63, "column": 6 },
        "end": { "line": 70, "column": null }
      },
      "26": {
        "start": { "line": 64, "column": 8 },
        "end": { "line": 69, "column": null }
      },
      "27": {
        "start": { "line": 72, "column": 23 },
        "end": { "line": 72, "column": null }
      },
      "28": {
        "start": { "line": 74, "column": 6 },
        "end": { "line": 74, "column": null }
      },
      "29": {
        "start": { "line": 77, "column": 24 },
        "end": { "line": 77, "column": null }
      },
      "30": {
        "start": { "line": 79, "column": 4 },
        "end": { "line": 81, "column": null }
      },
      "31": {
        "start": { "line": 80, "column": 6 },
        "end": { "line": 80, "column": null }
      },
      "32": {
        "start": { "line": 83, "column": 28 },
        "end": { "line": 83, "column": null }
      },
      "33": {
        "start": { "line": 85, "column": 4 },
        "end": { "line": 92, "column": null }
      },
      "34": {
        "start": { "line": 86, "column": 6 },
        "end": { "line": 91, "column": null }
      },
      "35": {
        "start": { "line": 93, "column": 21 },
        "end": { "line": 99, "column": null }
      },
      "36": {
        "start": { "line": 101, "column": 4 },
        "end": { "line": 101, "column": null }
      },
      "37": {
        "start": { "line": 103, "column": 4 },
        "end": { "line": 103, "column": null }
      },
      "38": {
        "start": { "line": 105, "column": 4 },
        "end": { "line": 105, "column": null }
      },
      "39": {
        "start": { "line": 109, "column": 0 },
        "end": { "line": 111, "column": null }
      },
      "40": {
        "start": { "line": 110, "column": 2 },
        "end": { "line": 110, "column": null }
      }
    },
    "fnMap": {
      "0": {
        "name": "(anonymous_0)",
        "decl": {
          "start": { "line": 8, "column": 24 },
          "end": { "line": 8, "column": 25 }
        },
        "loc": {
          "start": { "line": 8, "column": 41 },
          "end": { "line": 10, "column": null }
        }
      },
      "1": {
        "name": "matchAcceptContentType",
        "decl": {
          "start": { "line": 12, "column": 9 },
          "end": { "line": 12, "column": null }
        },
        "loc": {
          "start": { "line": 15, "column": 11 },
          "end": { "line": 20, "column": null }
        }
      },
      "2": {
        "name": "(anonymous_2)",
        "decl": {
          "start": { "line": 17, "column": 4 },
          "end": { "line": 17, "column": 5 }
        },
        "loc": {
          "start": { "line": 18, "column": 6 },
          "end": { "line": 18, "column": null }
        }
      },
      "3": {
        "name": "(anonymous_3)",
        "decl": {
          "start": { "line": 31, "column": 32 },
          "end": { "line": 31, "column": 39 }
        },
        "loc": {
          "start": { "line": 31, "column": 45 },
          "end": { "line": 107, "column": 1 }
        }
      },
      "4": {
        "name": "(anonymous_4)",
        "decl": {
          "start": { "line": 36, "column": 6 },
          "end": { "line": 36, "column": 7 }
        },
        "loc": {
          "start": { "line": 36, "column": 16 },
          "end": { "line": 36, "column": null }
        }
      },
      "5": {
        "name": "(anonymous_5)",
        "decl": {
          "start": { "line": 45, "column": 45 },
          "end": { "line": 45, "column": 46 }
        },
        "loc": {
          "start": { "line": 46, "column": 6 },
          "end": { "line": 46, "column": null }
        }
      },
      "6": {
        "name": "(anonymous_6)",
        "decl": {
          "start": { "line": 52, "column": 141 },
          "end": { "line": 52, "column": 142 }
        },
        "loc": {
          "start": { "line": 52, "column": 153 },
          "end": { "line": 52, "column": 167 }
        }
      },
      "7": {
        "name": "(anonymous_7)",
        "decl": {
          "start": { "line": 109, "column": 13 },
          "end": { "line": 109, "column": 14 }
        },
        "loc": {
          "start": { "line": 109, "column": 20 },
          "end": { "line": 111, "column": 1 }
        }
      }
    },
    "branchMap": {
      "0": {
        "loc": {
          "start": { "line": 18, "column": 6 },
          "end": { "line": 18, "column": null }
        },
        "type": "binary-expr",
        "locations": [
          {
            "start": { "line": 18, "column": 6 },
            "end": { "line": 18, "column": 50 }
          },
          {
            "start": { "line": 18, "column": 50 },
            "end": { "line": 18, "column": null }
          }
        ]
      },
      "1": {
        "loc": {
          "start": { "line": 35, "column": 40 },
          "end": { "line": 35, "column": 71 }
        },
        "type": "binary-expr",
        "locations": [
          {
            "start": { "line": 35, "column": 40 },
            "end": { "line": 35, "column": 66 }
          },
          {
            "start": { "line": 35, "column": 66 },
            "end": { "line": 35, "column": 71 }
          }
        ]
      },
      "2": {
        "loc": {
          "start": { "line": 40, "column": 4 },
          "end": { "line": 42, "column": null }
        },
        "type": "if",
        "locations": [
          {
            "start": { "line": 40, "column": 4 },
            "end": { "line": 42, "column": null }
          },
          {
            "start": { "line": 40, "column": 4 },
            "end": { "line": 42, "column": null }
          }
        ]
      },
      "3": {
        "loc": {
          "start": { "line": 49, "column": 4 },
          "end": { "line": 56, "column": null }
        },
        "type": "if",
        "locations": [
          {
            "start": { "line": 49, "column": 4 },
            "end": { "line": 56, "column": null }
          },
          {
            "start": { "line": 49, "column": 4 },
            "end": { "line": 56, "column": null }
          }
        ]
      },
      "4": {
        "loc": {
          "start": { "line": 49, "column": 8 },
          "end": { "line": 49, "column": 48 }
        },
        "type": "binary-expr",
        "locations": [
          {
            "start": { "line": 49, "column": 8 },
            "end": { "line": 49, "column": 34 }
          },
          {
            "start": { "line": 49, "column": 34 },
            "end": { "line": 49, "column": 48 }
          }
        ]
      },
      "5": {
        "loc": {
          "start": { "line": 61, "column": 4 },
          "end": { "line": 75, "column": null }
        },
        "type": "if",
        "locations": [
          {
            "start": { "line": 61, "column": 4 },
            "end": { "line": 75, "column": null }
          },
          {
            "start": { "line": 61, "column": 4 },
            "end": { "line": 75, "column": null }
          }
        ]
      },
      "6": {
        "loc": {
          "start": { "line": 62, "column": 26 },
          "end": { "line": 62, "column": null }
        },
        "type": "binary-expr",
        "locations": [
          {
            "start": { "line": 62, "column": 26 },
            "end": { "line": 62, "column": 72 }
          },
          {
            "start": { "line": 62, "column": 72 },
            "end": { "line": 62, "column": null }
          }
        ]
      },
      "7": {
        "loc": {
          "start": { "line": 63, "column": 6 },
          "end": { "line": 70, "column": null }
        },
        "type": "if",
        "locations": [
          {
            "start": { "line": 63, "column": 6 },
            "end": { "line": 70, "column": null }
          },
          {
            "start": { "line": 63, "column": 6 },
            "end": { "line": 70, "column": null }
          }
        ]
      },
      "8": {
        "loc": {
          "start": { "line": 79, "column": 4 },
          "end": { "line": 81, "column": null }
        },
        "type": "if",
        "locations": [
          {
            "start": { "line": 79, "column": 4 },
            "end": { "line": 81, "column": null }
          },
          {
            "start": { "line": 79, "column": 4 },
            "end": { "line": 81, "column": null }
          }
        ]
      },
      "9": {
        "loc": {
          "start": { "line": 79, "column": 8 },
          "end": { "line": 79, "column": 64 }
        },
        "type": "binary-expr",
        "locations": [
          {
            "start": { "line": 79, "column": 8 },
            "end": { "line": 79, "column": 24 }
          },
          {
            "start": { "line": 79, "column": 24 },
            "end": { "line": 79, "column": 64 }
          }
        ]
      },
      "10": {
        "loc": {
          "start": { "line": 85, "column": 4 },
          "end": { "line": 92, "column": null }
        },
        "type": "if",
        "locations": [
          {
            "start": { "line": 85, "column": 4 },
            "end": { "line": 92, "column": null }
          },
          {
            "start": { "line": 85, "column": 4 },
            "end": { "line": 92, "column": null }
          }
        ]
      }
    },
    "s": {
      "0": 1,
      "1": 1,
      "2": 3,
      "3": 1,
      "4": 1,
      "5": 1,
      "6": 1,
      "7": 1,
      "8": 3,
      "9": 3,
      "10": 3,
      "11": 3,
      "12": 0,
      "13": 3,
      "14": 1,
      "15": 2,
      "16": 2,
      "17": 2,
      "18": 1,
      "19": 3,
      "20": 1,
      "21": 1,
      "22": 1,
      "23": 1,
      "24": 0,
      "25": 0,
      "26": 0,
      "27": 0,
      "28": 0,
      "29": 1,
      "30": 1,
      "31": 0,
      "32": 1,
      "33": 1,
      "34": 0,
      "35": 1,
      "36": 1,
      "37": 1,
      "38": 0,
      "39": 1,
      "40": 3
    },
    "f": { "0": 3, "1": 1, "2": 1, "3": 3, "4": 0, "5": 2, "6": 3, "7": 3 },
    "b": {
      "0": [1, 0],
      "1": [3, 2],
      "2": [1, 2],
      "3": [1, 1],
      "4": [2, 2],
      "5": [0, 1],
      "6": [0, 0],
      "7": [0, 0],
      "8": [0, 1],
      "9": [1, 1],
      "10": [0, 1]
    }
  }
}
